2020-06-17 19:06:55 [scrapy.utils.log] INFO: Scrapy 1.6.0 started (bot: fangwu)
2020-06-17 19:06:55 [scrapy.utils.log] INFO: Versions: lxml 4.3.3.0, libxml2 2.9.9, cssselect 1.0.3, parsel 1.5.1, w3lib 1.20.0, Twisted 18.9.0, Python 3.6.8 |Anaconda, Inc.| (default, Dec 29 2018, 19:04:46) - [GCC 4.2.1 Compatible Clang 4.0.1 (tags/RELEASE_401/final)], pyOpenSSL 19.0.0 (OpenSSL 1.1.1b  26 Feb 2019), cryptography 2.6.1, Platform Darwin-18.6.0-x86_64-i386-64bit
2020-06-17 19:06:55 [scrapy.crawler] INFO: Overridden settings: {'BOT_NAME': 'fangwu', 'COOKIES_ENABLED': False, 'FEED_EXPORT_ENCODING': 'utf-8', 'LOG_FILE': 'fangwu.log', 'NEWSPIDER_MODULE': 'fangwu.spiders', 'SPIDER_MODULES': ['fangwu.spiders']}
2020-06-17 19:06:55 [scrapy.extensions.telnet] INFO: Telnet Password: a9c81ee08a447cd8
2020-06-17 19:06:56 [scrapy.middleware] INFO: Enabled extensions:
['scrapy.extensions.corestats.CoreStats',
 'scrapy.extensions.telnet.TelnetConsole',
 'scrapy.extensions.memusage.MemoryUsage',
 'scrapy.extensions.logstats.LogStats']
2020-06-17 19:06:56 [scrapy.middleware] INFO: Enabled downloader middlewares:
['scrapy.downloadermiddlewares.httpauth.HttpAuthMiddleware',
 'scrapy.downloadermiddlewares.downloadtimeout.DownloadTimeoutMiddleware',
 'scrapy.downloadermiddlewares.defaultheaders.DefaultHeadersMiddleware',
 'scrapy.downloadermiddlewares.useragent.UserAgentMiddleware',
 'scrapy.downloadermiddlewares.retry.RetryMiddleware',
 'scrapy.downloadermiddlewares.redirect.MetaRefreshMiddleware',
 'scrapy.downloadermiddlewares.httpcompression.HttpCompressionMiddleware',
 'scrapy.downloadermiddlewares.redirect.RedirectMiddleware',
 'scrapy.downloadermiddlewares.httpproxy.HttpProxyMiddleware',
 'scrapy.downloadermiddlewares.stats.DownloaderStats']
2020-06-17 19:06:56 [scrapy.middleware] INFO: Enabled spider middlewares:
['scrapy.spidermiddlewares.httperror.HttpErrorMiddleware',
 'scrapy.spidermiddlewares.offsite.OffsiteMiddleware',
 'scrapy.spidermiddlewares.referer.RefererMiddleware',
 'scrapy.spidermiddlewares.urllength.UrlLengthMiddleware',
 'scrapy.spidermiddlewares.depth.DepthMiddleware']
2020-06-17 19:06:56 [scrapy.middleware] INFO: Enabled item pipelines:
['fangwu.pipelines.FangwuPipeline']
2020-06-17 19:06:56 [scrapy.core.engine] INFO: Spider opened
2020-06-17 19:06:56 [scrapy.extensions.logstats] INFO: Crawled 0 pages (at 0 pages/min), scraped 0 items (at 0 items/min)
2020-06-17 19:06:56 [scrapy.extensions.telnet] INFO: Telnet console listening on 127.0.0.1:6023
2020-06-17 19:06:56 [scrapy.core.engine] DEBUG: Crawled (200) <POST https://m.tujia.com/bingo/h5/search/searchhouse/bnb?_apitsp=1592392015882&_fasTraceId=15923920158834XO2L0iu_n0UQXcx3ujLPEk8m6JDWAfpiawgb> (referer: https://m.tujia.com/hotel_jinan/?ssr=off)
2020-06-17 19:06:56 [scrapy.core.engine] INFO: Closing spider (finished)
2020-06-17 19:06:56 [scrapy.statscollectors] INFO: Dumping Scrapy stats:
{'downloader/request_bytes': 2909,
 'downloader/request_count': 1,
 'downloader/request_method_count/POST': 1,
 'downloader/response_bytes': 9578,
 'downloader/response_count': 1,
 'downloader/response_status_count/200': 1,
 'finish_reason': 'finished',
 'finish_time': datetime.datetime(2020, 6, 17, 11, 6, 56, 886687),
 'log_count/DEBUG': 1,
 'log_count/INFO': 9,
 'memusage/max': 51318784,
 'memusage/startup': 51318784,
 'response_received_count': 1,
 'scheduler/dequeued': 1,
 'scheduler/dequeued/memory': 1,
 'scheduler/enqueued': 1,
 'scheduler/enqueued/memory': 1,
 'start_time': datetime.datetime(2020, 6, 17, 11, 6, 56, 192762)}
2020-06-17 19:06:56 [scrapy.core.engine] INFO: Spider closed (finished)
